Analysis & Synthesis report for Logic
Sat Dec 31 19:58:50 2016
Quartus II 64-Bit Version 13.0.1 Build 232 06/12/2013 Service Pack 1 SJ Web Edition


---------------------
; Table of Contents ;
---------------------
  1. Legal Notice
  2. Analysis & Synthesis Summary
  3. Analysis & Synthesis Settings
  4. Parallel Compilation
  5. Analysis & Synthesis Source Files Read
  6. Analysis & Synthesis Resource Usage Summary
  7. Analysis & Synthesis Resource Utilization by Entity
  8. User-Specified and Inferred Latches
  9. Parameter Settings for User Entity Instance: PS2Main:Inst_PS2Main
 10. Parameter Settings for Inferred Entity Instance: PS2Main:Inst_PS2Main|lpm_add_sub:Add0
 11. Port Connectivity Checks: "PS2Main:Inst_PS2Main"
 12. Analysis & Synthesis Messages



----------------
; Legal Notice ;
----------------
Copyright (C) 1991-2013 Altera Corporation
Your use of Altera Corporation's design tools, logic functions 
and other software and tools, and its AMPP partner logic 
functions, and any output files from any of the foregoing 
(including device programming or simulation files), and any 
associated documentation or information are expressly subject 
to the terms and conditions of the Altera Program License 
Subscription Agreement, Altera MegaCore Function License 
Agreement, or other applicable license agreement, including, 
without limitation, that your use is for the sole purpose of 
programming logic devices manufactured by Altera and sold by 
Altera or its authorized distributors.  Please refer to the 
applicable agreement for further details.



+-------------------------------------------------------------------------------+
; Analysis & Synthesis Summary                                                  ;
+-----------------------------+-------------------------------------------------+
; Analysis & Synthesis Status ; Successful - Sat Dec 31 19:58:50 2016           ;
; Quartus II 64-Bit Version   ; 13.0.1 Build 232 06/12/2013 SP 1 SJ Web Edition ;
; Revision Name               ; Logic                                           ;
; Top-level Entity Name       ; Logic                                           ;
; Family                      ; MAX7000S                                        ;
; Total macrocells            ; 99                                              ;
; Total pins                  ; 60                                              ;
+-----------------------------+-------------------------------------------------+


+--------------------------------------------------------------------------------------------------------------+
; Analysis & Synthesis Settings                                                                                ;
+----------------------------------------------------------------------------+-----------------+---------------+
; Option                                                                     ; Setting         ; Default Value ;
+----------------------------------------------------------------------------+-----------------+---------------+
; Device                                                                     ; EPM7128SLC84-15 ;               ;
; Top-level entity name                                                      ; Logic           ; Logic         ;
; Family name                                                                ; MAX7000S        ; Cyclone IV GX ;
; Use smart compilation                                                      ; Off             ; Off           ;
; Enable parallel Assembler and TimeQuest Timing Analyzer during compilation ; On              ; On            ;
; Enable compact report table                                                ; Off             ; Off           ;
; Create Debugging Nodes for IP Cores                                        ; Off             ; Off           ;
; Preserve fewer node names                                                  ; On              ; On            ;
; Disable OpenCore Plus hardware evaluation                                  ; Off             ; Off           ;
; Verilog Version                                                            ; Verilog_2001    ; Verilog_2001  ;
; VHDL Version                                                               ; VHDL_1993       ; VHDL_1993     ;
; State Machine Processing                                                   ; Auto            ; Auto          ;
; Safe State Machine                                                         ; Off             ; Off           ;
; Extract Verilog State Machines                                             ; On              ; On            ;
; Extract VHDL State Machines                                                ; On              ; On            ;
; Ignore Verilog initial constructs                                          ; Off             ; Off           ;
; Iteration limit for constant Verilog loops                                 ; 5000            ; 5000          ;
; Iteration limit for non-constant Verilog loops                             ; 250             ; 250           ;
; Add Pass-Through Logic to Inferred RAMs                                    ; On              ; On            ;
; Infer RAMs from Raw Logic                                                  ; On              ; On            ;
; Parallel Synthesis                                                         ; On              ; On            ;
; NOT Gate Push-Back                                                         ; On              ; On            ;
; Power-Up Don't Care                                                        ; On              ; On            ;
; Remove Duplicate Registers                                                 ; On              ; On            ;
; Ignore CARRY Buffers                                                       ; Off             ; Off           ;
; Ignore CASCADE Buffers                                                     ; Off             ; Off           ;
; Ignore GLOBAL Buffers                                                      ; Off             ; Off           ;
; Ignore ROW GLOBAL Buffers                                                  ; Off             ; Off           ;
; Ignore LCELL Buffers                                                       ; Auto            ; Auto          ;
; Ignore SOFT Buffers                                                        ; Off             ; Off           ;
; Limit AHDL Integers to 32 Bits                                             ; Off             ; Off           ;
; Optimization Technique                                                     ; Speed           ; Speed         ;
; Allow XOR Gate Usage                                                       ; On              ; On            ;
; Auto Logic Cell Insertion                                                  ; On              ; On            ;
; Parallel Expander Chain Length                                             ; 4               ; 4             ;
; Auto Parallel Expanders                                                    ; On              ; On            ;
; Auto Open-Drain Pins                                                       ; On              ; On            ;
; Auto Resource Sharing                                                      ; Off             ; Off           ;
; Maximum Fan-in Per Macrocell                                               ; 100             ; 100           ;
; Use LogicLock Constraints during Resource Balancing                        ; On              ; On            ;
; Ignore translate_off and synthesis_off directives                          ; Off             ; Off           ;
; Report Parameter Settings                                                  ; On              ; On            ;
; Report Source Assignments                                                  ; On              ; On            ;
; Report Connectivity Checks                                                 ; On              ; On            ;
; HDL message level                                                          ; Level2          ; Level2        ;
; Suppress Register Optimization Related Messages                            ; Off             ; Off           ;
; Number of Removed Registers Reported in Synthesis Report                   ; 5000            ; 5000          ;
; Number of Swept Nodes Reported in Synthesis Report                         ; 5000            ; 5000          ;
; Number of Inverted Registers Reported in Synthesis Report                  ; 100             ; 100           ;
; Block Design Naming                                                        ; Auto            ; Auto          ;
; Synthesis Effort                                                           ; Auto            ; Auto          ;
; Shift Register Replacement - Allow Asynchronous Clear Signal               ; On              ; On            ;
; Pre-Mapping Resynthesis Optimization                                       ; Off             ; Off           ;
; Analysis & Synthesis Message Level                                         ; Medium          ; Medium        ;
; Disable Register Merging Across Hierarchies                                ; Auto            ; Auto          ;
; Synthesis Seed                                                             ; 1               ; 1             ;
+----------------------------------------------------------------------------+-----------------+---------------+


Parallel compilation was disabled, but you have multiple processors available. Enable parallel compilation to reduce compilation time.
+-------------------------------------+
; Parallel Compilation                ;
+----------------------------+--------+
; Processors                 ; Number ;
+----------------------------+--------+
; Number detected on machine ; 3      ;
; Maximum allowed            ; 1      ;
+----------------------------+--------+


+---------------------------------------------------------------------------------------------------------------------------------------------------------------+
; Analysis & Synthesis Source Files Read                                                                                                                        ;
+----------------------------------+-----------------+-----------------+------------------------------------------------------------------------------+---------+
; File Name with User-Entered Path ; Used in Netlist ; File Type       ; File Name with Absolute Path                                                 ; Library ;
+----------------------------------+-----------------+-----------------+------------------------------------------------------------------------------+---------+
; flipflop.vhd                     ; yes             ; User VHDL File  ; G:/_Programming/_DOCS/Schematics/NB Laptop/Altera_VHDL/IO_Logic/flipflop.vhd ;         ;
; PS2Main.vhd                      ; yes             ; User VHDL File  ; G:/_Programming/_DOCS/Schematics/NB Laptop/Altera_VHDL/IO_Logic/PS2Main.vhd  ;         ;
; Logic.vhd                        ; yes             ; User VHDL File  ; G:/_Programming/_DOCS/Schematics/NB Laptop/Altera_VHDL/IO_Logic/Logic.vhd    ;         ;
; lpm_add_sub.tdf                  ; yes             ; Megafunction    ; e:/altera/13.0sp1/quartus/libraries/megafunctions/lpm_add_sub.tdf            ;         ;
; addcore.inc                      ; yes             ; Megafunction    ; e:/altera/13.0sp1/quartus/libraries/megafunctions/addcore.inc                ;         ;
; look_add.inc                     ; yes             ; Megafunction    ; e:/altera/13.0sp1/quartus/libraries/megafunctions/look_add.inc               ;         ;
; bypassff.inc                     ; yes             ; Megafunction    ; e:/altera/13.0sp1/quartus/libraries/megafunctions/bypassff.inc               ;         ;
; altshift.inc                     ; yes             ; Megafunction    ; e:/altera/13.0sp1/quartus/libraries/megafunctions/altshift.inc               ;         ;
; alt_stratix_add_sub.inc          ; yes             ; Megafunction    ; e:/altera/13.0sp1/quartus/libraries/megafunctions/alt_stratix_add_sub.inc    ;         ;
; aglobal130.inc                   ; yes             ; Megafunction    ; e:/altera/13.0sp1/quartus/libraries/megafunctions/aglobal130.inc             ;         ;
; addcore.tdf                      ; yes             ; Megafunction    ; e:/altera/13.0sp1/quartus/libraries/megafunctions/addcore.tdf                ;         ;
; a_csnbuffer.inc                  ; yes             ; Megafunction    ; e:/altera/13.0sp1/quartus/libraries/megafunctions/a_csnbuffer.inc            ;         ;
; a_csnbuffer.tdf                  ; yes             ; Megafunction    ; e:/altera/13.0sp1/quartus/libraries/megafunctions/a_csnbuffer.tdf            ;         ;
; altshift.tdf                     ; yes             ; Megafunction    ; e:/altera/13.0sp1/quartus/libraries/megafunctions/altshift.tdf               ;         ;
+----------------------------------+-----------------+-----------------+------------------------------------------------------------------------------+---------+


+---------------------------------------------+
; Analysis & Synthesis Resource Usage Summary ;
+----------------------+----------------------+
; Resource             ; Usage                ;
+----------------------+----------------------+
; Logic cells          ; 99                   ;
; Total registers      ; 38                   ;
; I/O pins             ; 60                   ;
; Shareable expanders  ; 15                   ;
; Parallel expanders   ; 11                   ;
; Maximum fan-out node ; BUSACK               ;
; Maximum fan-out      ; 58                   ;
; Total fan-out        ; 1151                 ;
; Average fan-out      ; 6.61                 ;
+----------------------+----------------------+


+---------------------------------------------------------------------------------------------+
; Analysis & Synthesis Resource Utilization by Entity                                         ;
+----------------------------+------------+------+-----------------------------+--------------+
; Compilation Hierarchy Node ; Macrocells ; Pins ; Full Hierarchy Name         ; Library Name ;
+----------------------------+------------+------+-----------------------------+--------------+
; |Logic                     ; 99         ; 60   ; |Logic                      ; work         ;
;    |PS2Main:Inst_PS2Main|  ; 44         ; 0    ; |Logic|PS2Main:Inst_PS2Main ; work         ;
+----------------------------+------------+------+-----------------------------+--------------+


+----------------------------------------------------------------------------------------------------+
; User-Specified and Inferred Latches                                                                ;
+-----------------------------------------------------+---------------------+------------------------+
; Latch Name                                          ; Latch Enable Signal ; Free of Timing Hazards ;
+-----------------------------------------------------+---------------------+------------------------+
; ENABLEREG[2]                                        ; ENABLEREG           ; yes                    ;
; VidCTRsig[3]                                        ; VidCTRsig           ; yes                    ;
; VidCTRsig[6]                                        ; VidCTRsig           ; yes                    ;
; VidCTRsig[2]                                        ; VidCTRsig           ; yes                    ;
; VidCTRsig[1]                                        ; VidCTRsig           ; yes                    ;
; VidCTRsig[0]                                        ; VidCTRsig           ; yes                    ;
; sVideo9                                             ; GND                 ; yes                    ;
; EPRWRsig                                            ; GND                 ; yes                    ;
; ENABLEREG[4]                                        ; ENABLEREG           ; yes                    ;
; ENABLEREG[5]                                        ; ENABLEREG           ; yes                    ;
; sLCDRS                                              ; sLCDRS              ; yes                    ;
; sT1                                                 ; sT1                 ; yes                    ;
; ENABLEREG[0]                                        ; ENABLEREG           ; yes                    ;
; COPCTL2[0]                                          ; GND                 ; yes                    ;
; COPCTL[0]                                           ; COPCTL              ; yes                    ;
; COPCTL[1]                                           ; COPCTL              ; yes                    ;
; COPCTL2[2]                                          ; DATAout             ; yes                    ;
; COPCTL[2]                                           ; COPCTL              ; yes                    ;
; COPCTL[3]                                           ; COPCTL              ; yes                    ;
; COPCTL2[4]                                          ; GND                 ; yes                    ;
; COPCTL[4]                                           ; COPCTL              ; yes                    ;
; COPCTL2[5]                                          ; GND                 ; yes                    ;
; COPCTL[5]                                           ; COPCTL              ; yes                    ;
; COPCTL[6]                                           ; COPCTL              ; yes                    ;
; COPCTL[7]                                           ; COPCTL              ; yes                    ;
; KB_Stop                                             ; GND                 ; yes                    ;
; Number of user-specified and inferred latches = 26  ;                     ;                        ;
+-----------------------------------------------------+---------------------+------------------------+
Note: All latches listed above may not be present at the end of synthesis due to various synthesis optimizations.


+-------------------------------------------------------------------+
; Parameter Settings for User Entity Instance: PS2Main:Inst_PS2Main ;
+----------------+-------+------------------------------------------+
; Parameter Name ; Value ; Type                                     ;
+----------------+-------+------------------------------------------+
; FilterSize     ; 8     ; Signed Integer                           ;
+----------------+-------+------------------------------------------+
Note: In order to hide this table in the UI and the text report file, please set the "Show Parameter Settings in Synthesis Report" option in "Analysis and Synthesis Settings -> More Settings" to "Off".


+----------------------------------------------------------------------------------------+
; Parameter Settings for Inferred Entity Instance: PS2Main:Inst_PS2Main|lpm_add_sub:Add0 ;
+------------------------+-------------+-------------------------------------------------+
; Parameter Name         ; Value       ; Type                                            ;
+------------------------+-------------+-------------------------------------------------+
; LPM_WIDTH              ; 4           ; Untyped                                         ;
; LPM_REPRESENTATION     ; UNSIGNED    ; Untyped                                         ;
; LPM_DIRECTION          ; ADD         ; Untyped                                         ;
; ONE_INPUT_IS_CONSTANT  ; NO          ; Untyped                                         ;
; LPM_PIPELINE           ; 0           ; Untyped                                         ;
; MAXIMIZE_SPEED         ; 5           ; Untyped                                         ;
; REGISTERED_AT_END      ; 0           ; Untyped                                         ;
; OPTIMIZE_FOR_SPEED     ; 5           ; Untyped                                         ;
; USE_CS_BUFFERS         ; 1           ; Untyped                                         ;
; CARRY_CHAIN            ; MANUAL      ; Untyped                                         ;
; CARRY_CHAIN_LENGTH     ; 48          ; CARRY_CHAIN_LENGTH                              ;
; DEVICE_FAMILY          ; MAX7000S    ; Untyped                                         ;
; USE_WYS                ; OFF         ; Untyped                                         ;
; STYLE                  ; FAST        ; Untyped                                         ;
; CBXI_PARAMETER         ; add_sub_3kh ; Untyped                                         ;
; AUTO_CARRY_CHAINS      ; ON          ; AUTO_CARRY                                      ;
; IGNORE_CARRY_BUFFERS   ; OFF         ; IGNORE_CARRY                                    ;
; AUTO_CASCADE_CHAINS    ; ON          ; AUTO_CASCADE                                    ;
; IGNORE_CASCADE_BUFFERS ; OFF         ; IGNORE_CASCADE                                  ;
+------------------------+-------------+-------------------------------------------------+
Note: In order to hide this table in the UI and the text report file, please set the "Show Parameter Settings in Synthesis Report" option in "Analysis and Synthesis Settings -> More Settings" to "Off".


+---------------------------------------------------------------------------------------------------------------------+
; Port Connectivity Checks: "PS2Main:Inst_PS2Main"                                                                    ;
+-----------+--------+----------+-------------------------------------------------------------------------------------+
; Port      ; Type   ; Severity ; Details                                                                             ;
+-----------+--------+----------+-------------------------------------------------------------------------------------+
; scan_err  ; Output ; Info     ; Connected to dangling logic. Logic that only feeds a dangling port will be removed. ;
; outenable ; Input  ; Info     ; Stuck at GND                                                                        ;
+-----------+--------+----------+-------------------------------------------------------------------------------------+


+-------------------------------+
; Analysis & Synthesis Messages ;
+-------------------------------+
Info: *******************************************************************
Info: Running Quartus II 64-Bit Analysis & Synthesis
    Info: Version 13.0.1 Build 232 06/12/2013 Service Pack 1 SJ Web Edition
    Info: Processing started: Sat Dec 31 19:58:44 2016
Info: Command: quartus_map --read_settings_files=on --write_settings_files=off Logic -c Logic
Warning (20028): Parallel compilation is not licensed and has been disabled
Info (12021): Found 2 design units, including 1 entities, in source file flipflop.vhd
    Info (12022): Found design unit 1: d_ff_srss-d_ff_srss
    Info (12023): Found entity 1: d_ff_srss
Info (12021): Found 2 design units, including 1 entities, in source file ps2main.vhd
    Info (12022): Found design unit 1: PS2Main-Behavioral
    Info (12023): Found entity 1: PS2Main
Info (12021): Found 2 design units, including 1 entities, in source file logic.vhd
    Info (12022): Found design unit 1: Logic-Behavioral
    Info (12023): Found entity 1: Logic
Info (12127): Elaborating entity "Logic" for the top level hierarchy
Warning (10541): VHDL Signal Declaration warning at Logic.vhd(122): used implicit default value for signal "IOH" because signal was never assigned a value or an explicit default value. Use of implicit default value may introduce unintended design optimizations.
Warning (10036): Verilog HDL or VHDL warning at Logic.vhd(169): object "COPINTpre" assigned a value but never read
Warning (10036): Verilog HDL or VHDL warning at Logic.vhd(171): object "FRMFREQpre" assigned a value but never read
Warning (10036): Verilog HDL or VHDL warning at Logic.vhd(176): object "Scan_Err" assigned a value but never read
Warning (10540): VHDL Signal Declaration warning at Logic.vhd(176): used explicit default value for signal "KBOutenable" because signal was never assigned a value
Warning (10036): Verilog HDL or VHDL warning at Logic.vhd(201): object "A15Z" assigned a value but never read
Warning (10036): Verilog HDL or VHDL warning at Logic.vhd(203): object "A15Znot" assigned a value but never read
Warning (10036): Verilog HDL or VHDL warning at Logic.vhd(203): object "MREQnot" assigned a value but never read
Warning (10036): Verilog HDL or VHDL warning at Logic.vhd(203): object "BUSACKnot" assigned a value but never read
Warning (10036): Verilog HDL or VHDL warning at Logic.vhd(203): object "RevRAmRomnot" assigned a value but never read
Warning (10036): Verilog HDL or VHDL warning at Logic.vhd(204): object "BUSACKr" assigned a value but never read
Warning (10492): VHDL Process Statement warning at Logic.vhd(433): signal "IRQ" is read inside the Process Statement but isn't in the Process Statement's sensitivity list
Warning (10492): VHDL Process Statement warning at Logic.vhd(433): signal "VADDRLow" is read inside the Process Statement but isn't in the Process Statement's sensitivity list
Warning (10492): VHDL Process Statement warning at Logic.vhd(433): signal "frmfreqon" is read inside the Process Statement but isn't in the Process Statement's sensitivity list
Warning (10492): VHDL Process Statement warning at Logic.vhd(445): signal "IRQ" is read inside the Process Statement but isn't in the Process Statement's sensitivity list
Warning (10492): VHDL Process Statement warning at Logic.vhd(445): signal "VADDRLow" is read inside the Process Statement but isn't in the Process Statement's sensitivity list
Warning (10492): VHDL Process Statement warning at Logic.vhd(445): signal "RDin" is read inside the Process Statement but isn't in the Process Statement's sensitivity list
Info (10041): Inferred latch for "sLCDRS" at Logic.vhd(601)
Info (10041): Inferred latch for "sVideo9" at Logic.vhd(588)
Info (10041): Inferred latch for "COPCTL2[0]" at Logic.vhd(558)
Info (10041): Inferred latch for "COPCTL2[1]" at Logic.vhd(558)
Info (10041): Inferred latch for "COPCTL2[2]" at Logic.vhd(558)
Info (10041): Inferred latch for "COPCTL2[3]" at Logic.vhd(558)
Info (10041): Inferred latch for "COPCTL2[4]" at Logic.vhd(558)
Info (10041): Inferred latch for "COPCTL2[5]" at Logic.vhd(558)
Info (10041): Inferred latch for "COPCTL2[6]" at Logic.vhd(558)
Info (10041): Inferred latch for "COPCTL2[7]" at Logic.vhd(558)
Info (10041): Inferred latch for "COPCTL[0]" at Logic.vhd(543)
Info (10041): Inferred latch for "COPCTL[1]" at Logic.vhd(543)
Info (10041): Inferred latch for "COPCTL[2]" at Logic.vhd(543)
Info (10041): Inferred latch for "COPCTL[3]" at Logic.vhd(543)
Info (10041): Inferred latch for "COPCTL[4]" at Logic.vhd(543)
Info (10041): Inferred latch for "COPCTL[5]" at Logic.vhd(543)
Info (10041): Inferred latch for "COPCTL[6]" at Logic.vhd(543)
Info (10041): Inferred latch for "COPCTL[7]" at Logic.vhd(543)
Info (10041): Inferred latch for "ENABLEREG[0]" at Logic.vhd(528)
Info (10041): Inferred latch for "ENABLEREG[2]" at Logic.vhd(528)
Info (10041): Inferred latch for "ENABLEREG[4]" at Logic.vhd(528)
Info (10041): Inferred latch for "ENABLEREG[5]" at Logic.vhd(528)
Info (10041): Inferred latch for "VidCTRsig[0]" at Logic.vhd(506)
Info (10041): Inferred latch for "VidCTRsig[1]" at Logic.vhd(506)
Info (10041): Inferred latch for "VidCTRsig[2]" at Logic.vhd(506)
Info (10041): Inferred latch for "VidCTRsig[3]" at Logic.vhd(506)
Info (10041): Inferred latch for "VidCTRsig[6]" at Logic.vhd(506)
Info (10041): Inferred latch for "sT1" at Logic.vhd(494)
Info (10041): Inferred latch for "EPRWRsig" at Logic.vhd(489)
Info (10041): Inferred latch for "KB_Stop" at Logic.vhd(471)
Info (12128): Elaborating entity "d_ff_srss" for hierarchy "d_ff_srss:Inst_disp_FFmem"
Info (12128): Elaborating entity "PS2Main" for hierarchy "PS2Main:Inst_PS2Main"
Warning (14025): LATCH primitive "COPCTL2[1]" is permanently disabled
Warning (14025): LATCH primitive "COPCTL2[3]" is permanently disabled
Warning (14025): LATCH primitive "COPCTL2[6]" is permanently disabled
Warning (14025): LATCH primitive "COPCTL2[7]" is permanently disabled
Info (278001): Inferred 1 megafunctions from design logic
    Info (278002): Inferred adder/subtractor megafunction ("lpm_add_sub") from the following logic: "PS2Main:Inst_PS2Main|Add0"
Info (12130): Elaborated megafunction instantiation "PS2Main:Inst_PS2Main|lpm_add_sub:Add0"
Info (12133): Instantiated megafunction "PS2Main:Inst_PS2Main|lpm_add_sub:Add0" with the following parameter:
    Info (12134): Parameter "LPM_WIDTH" = "4"
    Info (12134): Parameter "LPM_DIRECTION" = "ADD"
    Info (12134): Parameter "LPM_REPRESENTATION" = "UNSIGNED"
    Info (12134): Parameter "ONE_INPUT_IS_CONSTANT" = "NO"
Info (12131): Elaborated megafunction instantiation "PS2Main:Inst_PS2Main|lpm_add_sub:Add0|addcore:adder", which is child of megafunction instantiation "PS2Main:Inst_PS2Main|lpm_add_sub:Add0"
Info (12131): Elaborated megafunction instantiation "PS2Main:Inst_PS2Main|lpm_add_sub:Add0|addcore:adder|a_csnbuffer:oflow_node", which is child of megafunction instantiation "PS2Main:Inst_PS2Main|lpm_add_sub:Add0"
Info (12131): Elaborated megafunction instantiation "PS2Main:Inst_PS2Main|lpm_add_sub:Add0|addcore:adder|a_csnbuffer:result_node", which is child of megafunction instantiation "PS2Main:Inst_PS2Main|lpm_add_sub:Add0"
Info (12131): Elaborated megafunction instantiation "PS2Main:Inst_PS2Main|lpm_add_sub:Add0|addcore:adder|addcore:adder[0]", which is child of megafunction instantiation "PS2Main:Inst_PS2Main|lpm_add_sub:Add0"
Info (12131): Elaborated megafunction instantiation "PS2Main:Inst_PS2Main|lpm_add_sub:Add0|addcore:adder|addcore:adder[0]|a_csnbuffer:oflow_node", which is child of megafunction instantiation "PS2Main:Inst_PS2Main|lpm_add_sub:Add0"
Info (12131): Elaborated megafunction instantiation "PS2Main:Inst_PS2Main|lpm_add_sub:Add0|addcore:adder|addcore:adder[0]|a_csnbuffer:result_node", which is child of megafunction instantiation "PS2Main:Inst_PS2Main|lpm_add_sub:Add0"
Info (12131): Elaborated megafunction instantiation "PS2Main:Inst_PS2Main|lpm_add_sub:Add0|altshift:result_ext_latency_ffs", which is child of megafunction instantiation "PS2Main:Inst_PS2Main|lpm_add_sub:Add0"
Info (12131): Elaborated megafunction instantiation "PS2Main:Inst_PS2Main|lpm_add_sub:Add0|altshift:carry_ext_latency_ffs", which is child of megafunction instantiation "PS2Main:Inst_PS2Main|lpm_add_sub:Add0"
Info (13014): Ignored 3 buffer(s)
    Info (13019): Ignored 3 SOFT buffer(s)
Info (13000): Registers with preset signals will power-up high
Warning (13024): Output pins are stuck at VCC or GND
    Warning (13410): Pin "NMI" is stuck at VCC
    Warning (13410): Pin "IOH" is stuck at GND
Info (280013): Promoted pin-driven signal(s) to global signal
    Info (280014): Promoted clock signal driven by pin "CLOCK" to global clock signal
Warning (21074): Design contains 2 input pin(s) that do not drive logic
    Warning (15610): No output dependent on input pin "RS232INT"
    Warning (15610): No output dependent on input pin "sWAIT"
Info (21057): Implemented 174 device resources after synthesis - the final resource count might be different
    Info (21058): Implemented 23 input pins
    Info (21059): Implemented 26 output pins
    Info (21060): Implemented 11 bidirectional pins
    Info (21063): Implemented 99 macrocells
    Info (21073): Implemented 15 shareable expanders
Info: Quartus II 64-Bit Analysis & Synthesis was successful. 0 errors, 28 warnings
    Info: Peak virtual memory: 486 megabytes
    Info: Processing ended: Sat Dec 31 19:58:51 2016
    Info: Elapsed time: 00:00:07
    Info: Total CPU time (on all processors): 00:00:03


