Flow report for Logic
Tue Mar 01 18:31:28 2016
Quartus II 32-bit Version 13.0.1 Build 232 06/12/2013 Service Pack 1 SJ Web Edition


---------------------
; Table of Contents ;
---------------------
  1. Legal Notice
  2. Flow Summary
  3. Flow Settings
  4. Flow Non-Default Global Settings
  5. Flow Elapsed Time
  6. Flow OS Summary
  7. Flow Log
  8. Flow Messages
  9. Flow Suppressed Messages



----------------
; Legal Notice ;
----------------
Copyright (C) 1991-2013 Altera Corporation
Your use of Altera Corporation's design tools, logic functions 
and other software and tools, and its AMPP partner logic 
functions, and any output files from any of the foregoing 
(including device programming or simulation files), and any 
associated documentation or information are expressly subject 
to the terms and conditions of the Altera Program License 
Subscription Agreement, Altera MegaCore Function License 
Agreement, or other applicable license agreement, including, 
without limitation, that your use is for the sole purpose of 
programming logic devices manufactured by Altera and sold by 
Altera or its authorized distributors.  Please refer to the 
applicable agreement for further details.



+-----------------------------------------------------------------------------+
; Flow Summary                                                                ;
+---------------------------+-------------------------------------------------+
; Flow Status               ; Successful - Tue Mar 01 18:31:25 2016           ;
; Quartus II 32-bit Version ; 13.0.1 Build 232 06/12/2013 SP 1 SJ Web Edition ;
; Revision Name             ; Logic                                           ;
; Top-level Entity Name     ; Logic                                           ;
; Family                    ; MAX7000S                                        ;
; Device                    ; EPM7128SLC84-15                                 ;
; Timing Models             ; Final                                           ;
; Total macrocells          ; 102 / 128 ( 80 % )                              ;
; Total pins                ; 66 / 68 ( 97 % )                                ;
+---------------------------+-------------------------------------------------+


+-----------------------------------------+
; Flow Settings                           ;
+-------------------+---------------------+
; Option            ; Setting             ;
+-------------------+---------------------+
; Start date & time ; 03/01/2016 18:31:17 ;
; Main task         ; Compilation         ;
; Revision Name     ; Logic               ;
+-------------------+---------------------+


+----------------------------------------------------------------------------------------------------+
; Flow Non-Default Global Settings                                                                   ;
+--------------------------+------------------------------+---------------+-------------+------------+
; Assignment Name          ; Value                        ; Default Value ; Entity Name ; Section Id ;
+--------------------------+------------------------------+---------------+-------------+------------+
; COMPILER_SIGNATURE_ID    ; 135308249136.145684987740932 ; --            ; --          ; --         ;
; PROJECT_OUTPUT_DIRECTORY ; output_files                 ; --            ; --          ; --         ;
+--------------------------+------------------------------+---------------+-------------+------------+


+-------------------------------------------------------------------------------------------------------------------------------+
; Flow Elapsed Time                                                                                                             ;
+---------------------------+--------------+-------------------------+---------------------+------------------------------------+
; Module Name               ; Elapsed Time ; Average Processors Used ; Peak Virtual Memory ; Total CPU Time (on all processors) ;
+---------------------------+--------------+-------------------------+---------------------+------------------------------------+
; Analysis & Synthesis      ; 00:00:03     ; 1.0                     ; 381 MB              ; 00:00:04                           ;
; Fitter                    ; 00:00:02     ; 1.0                     ; 335 MB              ; 00:00:02                           ;
; Assembler                 ; 00:00:01     ; 1.0                     ; 319 MB              ; 00:00:01                           ;
; TimeQuest Timing Analyzer ; 00:00:02     ; 1.0                     ; 306 MB              ; 00:00:01                           ;
; Total                     ; 00:00:08     ; --                      ; --                  ; 00:00:08                           ;
+---------------------------+--------------+-------------------------+---------------------+------------------------------------+


+----------------------------------------------------------------------------------------+
; Flow OS Summary                                                                        ;
+---------------------------+------------------+-----------+------------+----------------+
; Module Name               ; Machine Hostname ; OS Name   ; OS Version ; Processor type ;
+---------------------------+------------------+-----------+------------+----------------+
; Analysis & Synthesis      ; MASTERPC         ; Windows 7 ; 6.1        ; x86_64         ;
; Fitter                    ; MASTERPC         ; Windows 7 ; 6.1        ; x86_64         ;
; Assembler                 ; MASTERPC         ; Windows 7 ; 6.1        ; x86_64         ;
; TimeQuest Timing Analyzer ; MASTERPC         ; Windows 7 ; 6.1        ; x86_64         ;
+---------------------------+------------------+-----------+------------+----------------+


------------
; Flow Log ;
------------
quartus_map --read_settings_files=on --write_settings_files=off Logic -c Logic
quartus_fit --read_settings_files=off --write_settings_files=off Logic -c Logic
quartus_asm --read_settings_files=off --write_settings_files=off Logic -c Logic
quartus_sta Logic -c Logic



