Flow report for CRT
Fri May 13 19:35:42 2016
Quartus II 64-Bit Version 13.0.1 Build 232 06/12/2013 Service Pack 1 SJ Web Edition


---------------------
; Table of Contents ;
---------------------
  1. Legal Notice
  2. Flow Summary
  3. Flow Settings
  4. Flow Non-Default Global Settings
  5. Flow Elapsed Time
  6. Flow OS Summary
  7. Flow Log
  8. Flow Messages
  9. Flow Suppressed Messages



----------------
; Legal Notice ;
----------------
Copyright (C) 1991-2013 Altera Corporation
Your use of Altera Corporation's design tools, logic functions 
and other software and tools, and its AMPP partner logic 
functions, and any output files from any of the foregoing 
(including device programming or simulation files), and any 
associated documentation or information are expressly subject 
to the terms and conditions of the Altera Program License 
Subscription Agreement, Altera MegaCore Function License 
Agreement, or other applicable license agreement, including, 
without limitation, that your use is for the sole purpose of 
programming logic devices manufactured by Altera and sold by 
Altera or its authorized distributors.  Please refer to the 
applicable agreement for further details.



+-----------------------------------------------------------------------------+
; Flow Summary                                                                ;
+---------------------------+-------------------------------------------------+
; Flow Status               ; Successful - Fri May 13 19:35:39 2016           ;
; Quartus II 64-Bit Version ; 13.0.1 Build 232 06/12/2013 SP 1 SJ Web Edition ;
; Revision Name             ; CRT                                             ;
; Top-level Entity Name     ; CRT                                             ;
; Family                    ; MAX7000S                                        ;
; Device                    ; EPM7160SLC84-10                                 ;
; Timing Models             ; Final                                           ;
; Total macrocells          ; 136 / 160 ( 85 % )                              ;
; Total pins                ; 59 / 64 ( 92 % )                                ;
+---------------------------+-------------------------------------------------+


+-----------------------------------------+
; Flow Settings                           ;
+-------------------+---------------------+
; Option            ; Setting             ;
+-------------------+---------------------+
; Start date & time ; 05/13/2016 19:35:27 ;
; Main task         ; Compilation         ;
; Revision Name     ; CRT                 ;
+-------------------+---------------------+


+----------------------------------------------------------------------------------------------------------+
; Flow Non-Default Global Settings                                                                         ;
+--------------------------------+------------------------------+---------------+-------------+------------+
; Assignment Name                ; Value                        ; Default Value ; Entity Name ; Section Id ;
+--------------------------------+------------------------------+---------------+-------------+------------+
; ALM_REGISTER_PACKING_EFFORT    ; High                         ; Medium        ; --          ; --         ;
; AUTO_PARALLEL_EXPANDERS        ; Off                          ; On            ; --          ; --         ;
; AUTO_RESOURCE_SHARING          ; On                           ; Off           ; --          ; --         ;
; AUTO_TURBO_BIT                 ; Auto                         ; On            ; --          ; --         ;
; COMPILER_SIGNATURE_ID          ; 146396995915.146315732732164 ; --            ; --          ; --         ;
; FITTER_EFFORT                  ; Standard Fit                 ; Auto Fit      ; --          ; --         ;
; MAX7000_FANIN_PER_CELL         ; 50                           ; 100           ; --          ; --         ;
; MAX7000_OPTIMIZATION_TECHNIQUE ; Area                         ; Speed         ; --          ; --         ;
; OPTIMIZE_HOLD_TIMING           ; Off                          ; --            ; --          ; --         ;
; PROJECT_OUTPUT_DIRECTORY       ; output_files                 ; --            ; --          ; --         ;
; SYNTH_TIMING_DRIVEN_SYNTHESIS  ; Off                          ; --            ; --          ; --         ;
+--------------------------------+------------------------------+---------------+-------------+------------+


+-------------------------------------------------------------------------------------------------------------------------------+
; Flow Elapsed Time                                                                                                             ;
+---------------------------+--------------+-------------------------+---------------------+------------------------------------+
; Module Name               ; Elapsed Time ; Average Processors Used ; Peak Virtual Memory ; Total CPU Time (on all processors) ;
+---------------------------+--------------+-------------------------+---------------------+------------------------------------+
; Analysis & Synthesis      ; 00:00:07     ; 1.0                     ; 483 MB              ; 00:00:07                           ;
; Fitter                    ; 00:00:03     ; 1.0                     ; 481 MB              ; 00:00:02                           ;
; Assembler                 ; 00:00:01     ; 1.0                     ; 373 MB              ; 00:00:01                           ;
; TimeQuest Timing Analyzer ; 00:00:02     ; 1.0                     ; 370 MB              ; 00:00:01                           ;
; Total                     ; 00:00:13     ; --                      ; --                  ; 00:00:11                           ;
+---------------------------+--------------+-------------------------+---------------------+------------------------------------+


+----------------------------------------------------------------------------------------+
; Flow OS Summary                                                                        ;
+---------------------------+------------------+-----------+------------+----------------+
; Module Name               ; Machine Hostname ; OS Name   ; OS Version ; Processor type ;
+---------------------------+------------------+-----------+------------+----------------+
; Analysis & Synthesis      ; MASTERPC         ; Windows 7 ; 6.1        ; x86_64         ;
; Fitter                    ; MASTERPC         ; Windows 7 ; 6.1        ; x86_64         ;
; Assembler                 ; MASTERPC         ; Windows 7 ; 6.1        ; x86_64         ;
; TimeQuest Timing Analyzer ; MASTERPC         ; Windows 7 ; 6.1        ; x86_64         ;
+---------------------------+------------------+-----------+------------+----------------+


------------
; Flow Log ;
------------
quartus_map --read_settings_files=on --write_settings_files=off CRT -c CRT
quartus_fit --read_settings_files=off --write_settings_files=off CRT -c CRT
quartus_asm --read_settings_files=off --write_settings_files=off CRT -c CRT
quartus_sta CRT -c CRT



